2020-07-20 14:33:56 下午 [Thread: main][ Method: com.dataant.controller.TriggerSQL.delTrigger(TriggerSQL.java:29) ]
INFO:CREATE TRIGGER tg_kkk_t2_del AFTER DELETE ON kkk.t2 FOR EACH ROW DELETE IGNORE FROM easydump.t3 WHERE easydump.t3.id <=> OLD.id;
2020-07-20 14:33:56 下午 [Thread: main][ Method: com.dataant.controller.TriggerSQL.updTrigger(TriggerSQL.java:57) ]
INFO:CREATE TRIGGER tg_kkk_t2_upd AFTER UPDATE ON kkk.t2 FOR EACH ROW REPLACE INTO easydump.t3(id,name,money,date_time,date,date_notime,date_flag) VALUES 
2020-07-20 14:33:56 下午 [Thread: main][ Method: com.dataant.controller.TriggerSQL.insTrigger(TriggerSQL.java:68) ]
INFO:CREATE TRIGGER tg_kkk_t2_ins AFTER INSERT ON kkk.t2 FOR EACH ROW REPLACE INTO easydump.t3(id,name,money,date_time,date,date_notime,date_flag) VALUES (NEW.id,NEW.name,NEW.money,NEW.date_time,NEW.date,NEW.date_notime,NEW.date_flag);
2020-07-20 15:55:34 下午 [Thread: main][ Method: com.dataant.controller.TriggerSQL.delTrigger(TriggerSQL.java:29) ]
INFO:CREATE TRIGGER tg_kkk_t2_del AFTER DELETE ON kkk.t2 FOR EACH ROW DELETE IGNORE FROM easydump.t3 WHERE easydump.t3.id <=> OLD.id;
2020-07-20 15:56:16 下午 [Thread: main][ Method: com.dataant.controller.TriggerSQL.delTrigger(TriggerSQL.java:29) ]
INFO:CREATE TRIGGER tg_kkk_t2_del AFTER DELETE ON kkk.t2 FOR EACH ROW DELETE IGNORE FROM easydump.t3 WHERE easydump.t3.id <=> OLD.id;
2020-07-20 15:57:19 下午 [Thread: main][ Method: com.dataant.controller.TriggerSQL.delTrigger(TriggerSQL.java:29) ]
INFO:CREATE TRIGGER tg_kkk_t2_del AFTER DELETE ON kkk.t2 FOR EACH ROW DELETE IGNORE FROM easydump.t3 WHERE easydump.t3.id <=> OLD.id;
2020-07-20 15:58:02 下午 [Thread: main][ Method: com.dataant.controller.TriggerSQL.delTrigger(TriggerSQL.java:29) ]
INFO:CREATE TRIGGER tg_kkk_t2_del AFTER DELETE ON kkk.t2 FOR EACH ROW DELETE IGNORE FROM easydump.t3 WHERE easydump.t3.id <=> OLD.id;
2020-07-20 16:15:30 下午 [Thread: main][ Method: com.dataant.controller.TriggerSQL.delTrigger(TriggerSQL.java:29) ]
INFO:CREATE TRIGGER tg_kkk_t2_del AFTER DELETE ON kkk.t2 FOR EACH ROW DELETE IGNORE FROM easydump.t3 WHERE easydump.t3.id <=> OLD.id;
2020-07-20 16:20:41 下午 [Thread: main][ Method: com.dataant.controller.TriggerSQL.delTrigger(TriggerSQL.java:29) ]
INFO:CREATE TRIGGER tg_kkk_t2_del AFTER DELETE ON kkk.t2 FOR EACH ROW DELETE IGNORE FROM easydump.t3 WHERE easydump.t3.id <=> OLD.id;
2020-07-20 16:23:23 下午 [Thread: main][ Method: com.dataant.controller.TriggerSQL.delTrigger(TriggerSQL.java:29) ]
INFO:CREATE TRIGGER tg_kkk_t2_del AFTER DELETE ON kkk.t2 FOR EACH ROW DELETE IGNORE FROM easydump.t3 WHERE easydump.t3.id <=> OLD.id;
2020-07-20 16:24:28 下午 [Thread: main][ Method: com.dataant.GenerateTriggerInfo.main(GenerateTriggerInfo.java:32) ]
ERROR:java.lang.StringIndexOutOfBoundsException: String index out of range: -5
2020-07-20 16:24:44 下午 [Thread: main][ Method: com.dataant.controller.TriggerSQL.delTrigger(TriggerSQL.java:29) ]
INFO:CREATE TRIGGER tg_kkk_t2_del AFTER DELETE ON kkk.t2 FOR EACH ROW DELETE IGNORE FROM easydump.t3 WHERE easydump.t3.id <=> OLD.id;
2020-07-20 16:26:18 下午 [Thread: main][ Method: com.dataant.controller.TriggerSQL.delTrigger(TriggerSQL.java:29) ]
INFO:CREATE TRIGGER tg_kkk_t2_del AFTER DELETE ON kkk.t2 FOR EACH ROW DELETE IGNORE FROM easydump.t3 WHERE easydump.t3.id <=> OLD.id;
2020-07-20 16:27:52 下午 [Thread: main][ Method: com.dataant.controller.TriggerSQL.delTrigger(TriggerSQL.java:29) ]
INFO:CREATE TRIGGER tg_kkk_t2_del AFTER DELETE ON kkk.t2 FOR EACH ROW DELETE IGNORE FROM easydump.t3 WHERE easydump.t3.id <=> OLD.id;
2020-07-20 16:48:16 下午 [Thread: main][ Method: com.dataant.controller.TriggerSQL.delTrigger(TriggerSQL.java:29) ]
INFO:CREATE TRIGGER tg_kkk_t2_del AFTER DELETE ON kkk.t2 FOR EACH ROW DELETE IGNORE FROM easydump.t3 WHERE easydump.t3.id <=> OLD.id;
2020-07-20 16:52:37 下午 [Thread: main][ Method: com.dataant.controller.TriggerSQL.delTrigger(TriggerSQL.java:29) ]
INFO:CREATE TRIGGER tg_kkk_t2_del AFTER DELETE ON kkk.t2 FOR EACH ROW DELETE IGNORE FROM easydump.t3 WHERE easydump.t3.id <=> OLD.id;
2020-07-20 17:01:24 下午 [Thread: main][ Method: com.dataant.controller.TriggerSQL.delTrigger(TriggerSQL.java:29) ]
INFO:CREATE TRIGGER tg_kkk_t2_del AFTER DELETE ON kkk.t2 FOR EACH ROW DELETE IGNORE FROM easydump.t3 WHERE easydump.t3.id <=> OLD.id;
2020-07-20 17:04:06 下午 [Thread: main][ Method: com.dataant.controller.TriggerSQL.delTrigger(TriggerSQL.java:29) ]
INFO:CREATE TRIGGER tg_kkk_t2_del AFTER DELETE ON kkk.t2 FOR EACH ROW DELETE IGNORE FROM easydump.t3 WHERE easydump.t3.id <=> OLD.id;
2020-07-20 17:05:59 下午 [Thread: main][ Method: com.dataant.controller.TriggerSQL.delTrigger(TriggerSQL.java:29) ]
INFO:CREATE TRIGGER tg_kkk_t2_del AFTER DELETE ON kkk.t2 FOR EACH ROW DELETE IGNORE FROM easydump.t3 WHERE easydump.t3.id <=> OLD.id;
2020-07-20 17:06:56 下午 [Thread: main][ Method: com.dataant.controller.TriggerSQL.delTrigger(TriggerSQL.java:29) ]
INFO:CREATE TRIGGER tg_kkk_t2_del AFTER DELETE ON kkk.t2 FOR EACH ROW DELETE IGNORE FROM easydump.t3 WHERE easydump.t3.id <=> OLD.id;
2020-07-20 17:08:41 下午 [Thread: main][ Method: com.dataant.controller.TriggerSQL.delTrigger(TriggerSQL.java:29) ]
INFO:CREATE TRIGGER tg_kkk_t2_del AFTER DELETE ON kkk.t2 FOR EACH ROW DELETE IGNORE FROM easydump.t3 WHERE easydump.t3.id <=> OLD.id;
2020-07-20 17:14:32 下午 [Thread: main][ Method: com.dataant.controller.TriggerSQL.delTrigger(TriggerSQL.java:29) ]
INFO:CREATE TRIGGER tg_kkk_t2_del AFTER DELETE ON kkk.t2 FOR EACH ROW DELETE IGNORE FROM easydump.t3 WHERE easydump.t3.id <=> OLD.id;
2020-07-20 17:23:55 下午 [Thread: main][ Method: com.dataant.controller.TriggerSQL.delTrigger(TriggerSQL.java:29) ]
INFO:CREATE TRIGGER tg_kkk_t2_del AFTER DELETE ON kkk.t2 FOR EACH ROW DELETE IGNORE FROM easydump.t3 WHERE easydump.t3.id <=> OLD.id;
2020-07-20 17:27:46 下午 [Thread: main][ Method: com.dataant.controller.TriggerSQL.delTrigger(TriggerSQL.java:29) ]
INFO:CREATE TRIGGER tg_kkk_t2_del AFTER DELETE ON kkk.t2 FOR EACH ROW DELETE IGNORE FROM easydump.t3 WHERE easydump.t3.id <=> OLD.id;
2020-07-20 17:46:18 下午 [Thread: main][ Method: com.dataant.controller.TriggerSQL.delTrigger(TriggerSQL.java:29) ]
INFO:CREATE TRIGGER tg_kkk_t2_del AFTER DELETE ON kkk.t2 FOR EACH ROW DELETE IGNORE FROM easydump.t3 WHERE easydump.t3.id <=> OLD.id;
2020-07-20 17:49:07 下午 [Thread: main][ Method: com.dataant.controller.TriggerSQL.delTrigger(TriggerSQL.java:29) ]
INFO:CREATE TRIGGER tg_kkk_t2_del AFTER DELETE ON kkk.t2 FOR EACH ROW DELETE IGNORE FROM easydump.t3 WHERE easydump.t3.id <=> OLD.id;
2020-07-20 17:50:02 下午 [Thread: main][ Method: com.dataant.controller.TriggerSQL.delTrigger(TriggerSQL.java:29) ]
INFO:CREATE TRIGGER tg_kkk_t2_del AFTER DELETE ON kkk.t2 FOR EACH ROW DELETE IGNORE FROM easydump.t3 WHERE easydump.t3.id <=> OLD.id;
2020-07-20 17:53:20 下午 [Thread: main][ Method: com.dataant.controller.TriggerSQL.delTrigger(TriggerSQL.java:29) ]
INFO:CREATE TRIGGER tg_kkk_t2_del AFTER DELETE ON kkk.t2 FOR EACH ROW DELETE IGNORE FROM easydump.t3 WHERE easydump.t3.id <=> OLD.id;
